<?xml version="1.0" encoding="UTF-8"?>
<testsuite name="com.example.Latihan3.Latihan3ApplicationTests" tests="1" skipped="0" failures="0" errors="0" timestamp="2022-04-23T07:20:06" hostname="DESKTOP-UKKPV13" time="1.208">
  <properties/>
  <testcase name="contextLoads()" classname="com.example.Latihan3.Latihan3ApplicationTests" time="1.208"/>
  <system-out><![CDATA[14:19:58.948 [Test worker] DEBUG org.springframework.test.context.BootstrapUtils - Instantiating CacheAwareContextLoaderDelegate from class [org.springframework.test.context.cache.DefaultCacheAwareContextLoaderDelegate]
14:19:59.374 [Test worker] DEBUG org.springframework.test.context.BootstrapUtils - Instantiating BootstrapContext using constructor [public org.springframework.test.context.support.DefaultBootstrapContext(java.lang.Class,org.springframework.test.context.CacheAwareContextLoaderDelegate)]
14:19:59.534 [Test worker] DEBUG org.springframework.test.context.BootstrapUtils - Instantiating TestContextBootstrapper for test class [com.example.Latihan3.Latihan3ApplicationTests] from class [org.springframework.boot.test.context.SpringBootTestContextBootstrapper]
14:19:59.606 [Test worker] INFO org.springframework.boot.test.context.SpringBootTestContextBootstrapper - Neither @ContextConfiguration nor @ContextHierarchy found for test class [com.example.Latihan3.Latihan3ApplicationTests], using SpringBootContextLoader
14:19:59.626 [Test worker] DEBUG org.springframework.test.context.support.AbstractContextLoader - Did not detect default resource location for test class [com.example.Latihan3.Latihan3ApplicationTests]: class path resource [com/example/Latihan3/Latihan3ApplicationTests-context.xml] does not exist
14:19:59.627 [Test worker] DEBUG org.springframework.test.context.support.AbstractContextLoader - Did not detect default resource location for test class [com.example.Latihan3.Latihan3ApplicationTests]: class path resource [com/example/Latihan3/Latihan3ApplicationTestsContext.groovy] does not exist
14:19:59.628 [Test worker] INFO org.springframework.test.context.support.AbstractContextLoader - Could not detect default resource locations for test class [com.example.Latihan3.Latihan3ApplicationTests]: no resource found for suffixes {-context.xml, Context.groovy}.
14:19:59.630 [Test worker] INFO org.springframework.test.context.support.AnnotationConfigContextLoaderUtils - Could not detect default configuration classes for test class [com.example.Latihan3.Latihan3ApplicationTests]: Latihan3ApplicationTests does not declare any static, non-private, non-final, nested classes annotated with @Configuration.
14:19:59.786 [Test worker] DEBUG org.springframework.test.context.support.ActiveProfilesUtils - Could not find an 'annotation declaring class' for annotation type [org.springframework.test.context.ActiveProfiles] and class [com.example.Latihan3.Latihan3ApplicationTests]
14:19:59.947 [Test worker] DEBUG org.springframework.context.annotation.ClassPathScanningCandidateComponentProvider - Identified candidate component class: file [C:\Users\user\Documents\Java web programing\Project\Latihan3\build\classes\java\main\com\example\Latihan3\Latihan3Application.class]
14:19:59.970 [Test worker] INFO org.springframework.boot.test.context.SpringBootTestContextBootstrapper - Found @SpringBootConfiguration com.example.Latihan3.Latihan3Application for test class com.example.Latihan3.Latihan3ApplicationTests
14:20:00.191 [Test worker] DEBUG org.springframework.boot.test.context.SpringBootTestContextBootstrapper - @TestExecutionListeners is not present for class [com.example.Latihan3.Latihan3ApplicationTests]: using defaults.
14:20:00.202 [Test worker] INFO org.springframework.boot.test.context.SpringBootTestContextBootstrapper - Loaded default TestExecutionListener class names from location [META-INF/spring.factories]: [org.springframework.boot.test.autoconfigure.restdocs.RestDocsTestExecutionListener, org.springframework.boot.test.autoconfigure.web.client.MockRestServiceServerResetTestExecutionListener, org.springframework.boot.test.autoconfigure.web.servlet.MockMvcPrintOnlyOnFailureTestExecutionListener, org.springframework.boot.test.autoconfigure.web.servlet.WebDriverTestExecutionListener, org.springframework.boot.test.autoconfigure.webservices.client.MockWebServiceServerTestExecutionListener, org.springframework.boot.test.mock.mockito.MockitoTestExecutionListener, org.springframework.boot.test.mock.mockito.ResetMocksTestExecutionListener, org.springframework.test.context.web.ServletTestExecutionListener, org.springframework.test.context.support.DirtiesContextBeforeModesTestExecutionListener, org.springframework.test.context.event.ApplicationEventsTestExecutionListener, org.springframework.test.context.support.DependencyInjectionTestExecutionListener, org.springframework.test.context.support.DirtiesContextTestExecutionListener, org.springframework.test.context.transaction.TransactionalTestExecutionListener, org.springframework.test.context.jdbc.SqlScriptsTestExecutionListener, org.springframework.test.context.event.EventPublishingTestExecutionListener]
14:20:00.243 [Test worker] DEBUG org.springframework.boot.test.context.SpringBootTestContextBootstrapper - Skipping candidate TestExecutionListener [org.springframework.test.context.transaction.TransactionalTestExecutionListener] due to a missing dependency. Specify custom listener classes or make the default listener classes and their required dependencies available. Offending class: [org/springframework/transaction/TransactionDefinition]
14:20:00.244 [Test worker] DEBUG org.springframework.boot.test.context.SpringBootTestContextBootstrapper - Skipping candidate TestExecutionListener [org.springframework.test.context.jdbc.SqlScriptsTestExecutionListener] due to a missing dependency. Specify custom listener classes or make the default listener classes and their required dependencies available. Offending class: [org/springframework/transaction/interceptor/TransactionAttribute]
14:20:00.245 [Test worker] INFO org.springframework.boot.test.context.SpringBootTestContextBootstrapper - Using TestExecutionListeners: [org.springframework.test.context.web.ServletTestExecutionListener@2ef8a8c3, org.springframework.test.context.support.DirtiesContextBeforeModesTestExecutionListener@24f43aa3, org.springframework.test.context.event.ApplicationEventsTestExecutionListener@63fd4873, org.springframework.boot.test.mock.mockito.MockitoTestExecutionListener@1e11bc55, org.springframework.boot.test.autoconfigure.SpringBootDependencyInjectionTestExecutionListener@7544a1e4, org.springframework.test.context.support.DirtiesContextTestExecutionListener@70e0accd, org.springframework.test.context.event.EventPublishingTestExecutionListener@7957dc72, org.springframework.boot.test.autoconfigure.restdocs.RestDocsTestExecutionListener@6ab72419, org.springframework.boot.test.autoconfigure.web.client.MockRestServiceServerResetTestExecutionListener@3aacf32a, org.springframework.boot.test.autoconfigure.web.servlet.MockMvcPrintOnlyOnFailureTestExecutionListener@4fdfa676, org.springframework.boot.test.autoconfigure.web.servlet.WebDriverTestExecutionListener@82c57b3, org.springframework.boot.test.autoconfigure.webservices.client.MockWebServiceServerTestExecutionListener@5be82d43, org.springframework.boot.test.mock.mockito.ResetMocksTestExecutionListener@600b0b7]
14:20:00.267 [Test worker] DEBUG org.springframework.test.context.support.AbstractDirtiesContextTestExecutionListener - Before test class: context [DefaultTestContext@372b0d86 testClass = Latihan3ApplicationTests, testInstance = [null], testMethod = [null], testException = [null], mergedContextConfiguration = [WebMergedContextConfiguration@47747fb9 testClass = Latihan3ApplicationTests, locations = '{}', classes = '{class com.example.Latihan3.Latihan3Application}', contextInitializerClasses = '[]', activeProfiles = '{}', propertySourceLocations = '{}', propertySourceProperties = '{org.springframework.boot.test.context.SpringBootTestContextBootstrapper=true}', contextCustomizers = set[org.springframework.boot.test.autoconfigure.actuate.metrics.MetricsExportContextCustomizerFactory$DisableMetricExportContextCustomizer@698122b2, org.springframework.boot.test.autoconfigure.properties.PropertyMappingContextCustomizer@0, org.springframework.boot.test.autoconfigure.web.servlet.WebDriverContextCustomizerFactory$Customizer@5e81e5ac, org.springframework.boot.test.context.filter.ExcludeFilterContextCustomizer@6035b93b, org.springframework.boot.test.json.DuplicateJsonObjectContextCustomizerFactory$DuplicateJsonObjectContextCustomizer@abf688e, org.springframework.boot.test.mock.mockito.MockitoContextCustomizer@0, org.springframework.boot.test.web.client.TestRestTemplateContextCustomizer@607fbe09, org.springframework.boot.test.context.SpringBootTestArgs@1, org.springframework.boot.test.context.SpringBootTestWebEnvironment@4b86805d], resourceBasePath = 'src/main/webapp', contextLoader = 'org.springframework.boot.test.context.SpringBootContextLoader', parent = [null]], attributes = map['org.springframework.test.context.web.ServletTestExecutionListener.activateListener' -> true]], class annotated with @DirtiesContext [false] with mode [null].

  .   ____          _            __ _ _
 /\\ / ___'_ __ _ _(_)_ __  __ _ \ \ \ \
( ( )\___ | '_ | '_| | '_ \/ _` | \ \ \ \
 \\/  ___)| |_)| | | | | || (_| |  ) ) ) )
  '  |____| .__|_| |_|_| |_\__, | / / / /
 =========|_|==============|___/=/_/_/_/
 :: Spring Boot ::                (v2.6.7)

2022-04-23 14:20:01.463  INFO 3684 --- [    Test worker] c.e.Latihan3.Latihan3ApplicationTests    : Starting Latihan3ApplicationTests using Java 11.0.14 on DESKTOP-UKKPV13 with PID 3684 (started by user in C:\Users\user\Documents\Java web programing\Project\Latihan3)
2022-04-23 14:20:01.468  INFO 3684 --- [    Test worker] c.e.Latihan3.Latihan3ApplicationTests    : No active profile set, falling back to 1 default profile: "default"
2022-04-23 14:20:06.335  INFO 3684 --- [    Test worker] c.e.Latihan3.Latihan3ApplicationTests    : Started Latihan3ApplicationTests in 5.945 seconds (JVM running for 10.107)
]]></system-out>
  <system-err><![CDATA[]]></system-err>
</testsuite>
